<?xml version="1.0" encoding="UTF-8"?>
<!-- Generated by org.testng.reporters.JUnitReportReporter -->
<testsuite skipped="0" hostname="LAPTOP-IGHB7M0S" name="com.orange_testng.Orange_testng" tests="6" failures="0" timestamp="2023-01-31T16:09:58 IST" time="37.612" errors="0">
  <testcase name="username" time="10.771" classname="com.orange_testng.Orange_testng"/>
  <system-out/>
  <testcase name="password" time="10.084" classname="com.orange_testng.Orange_testng"/>
  <system-out/>
  <testcase name="enterusername" time="5.225" classname="com.orange_testng.Orange_testng"/>
  <system-out/>
  <testcase name="enter_password" time="0.160" classname="com.orange_testng.Orange_testng"/>
  <system-out/>
  <testcase name="click_action" time="1.287" classname="com.orange_testng.Orange_testng"/>
  <system-out/>
  <testcase name="menuoption" time="10.085" classname="com.orange_testng.Orange_testng"/>
  <system-out/>
</testsuite> <!-- com.orange_testng.Orange_testng -->
